2023-02-17 12:13:53,764 | INFO : configured logger at /mnt/hdd1/workspace/training_extensions/logs/stage00_ with named 20230217_121353.log
2023-02-17 12:13:53,764 | INFO : configure!: training=False
2023-02-17 12:13:53,765 | INFO : configure_data()
2023-02-17 12:13:53,765 | INFO : task config!!!!: training=False
2023-02-17 12:13:54,524 | INFO : infer!
2023-02-17 12:13:54,568 | INFO : Training seed was set to 42 w/ deterministic=False.
2023-02-17 12:13:54,568 | INFO : work dir = /mnt/hdd1/workspace/training_extensions/logs/stage00_
2023-02-17 12:13:54,568 | INFO : CUDA_VISIBLE_DEVICES = None
2023-02-17 12:13:54,572 | INFO : configure!: training=False
2023-02-17 12:13:54,573 | INFO : configure_data()
2023-02-17 12:13:54,573 | INFO : task config!!!!: training=False
2023-02-17 12:13:54,699 | INFO : Inferring on input source: data.test
2023-02-17 12:13:55,424 | INFO : Training seed was set to 42 w/ deterministic=False.
2023-02-17 12:13:55,424 | INFO : work dir = /mnt/hdd1/workspace/training_extensions/logs/stage00_
2023-02-17 12:13:55,424 | INFO : CUDA_VISIBLE_DEVICES = None
2023-02-17 12:13:55,430 | INFO : configure!: training=True
2023-02-17 12:13:55,447 | INFO : Training seed was set to 42 w/ deterministic=False.
2023-02-17 12:13:55,447 | INFO : work dir = /mnt/hdd1/workspace/training_extensions/logs/stage00_
2023-02-17 12:13:55,447 | INFO : CUDA_VISIBLE_DEVICES = None
2023-02-17 12:13:55,467 | INFO : Training seed was set to 42 w/ deterministic=False.
2023-02-17 12:13:55,467 | INFO : work dir = /mnt/hdd1/workspace/training_extensions/logs/stage00_
2023-02-17 12:13:55,467 | INFO : CUDA_VISIBLE_DEVICES = None
2023-02-17 12:13:55,488 | INFO : Training seed was set to 42 w/ deterministic=False.
2023-02-17 12:13:55,488 | INFO : work dir = /mnt/hdd1/workspace/training_extensions/logs/stage00_
2023-02-17 12:13:55,488 | INFO : CUDA_VISIBLE_DEVICES = None
2023-02-17 12:13:55,493 | INFO : task config!!!!: training=True
2023-02-17 12:13:55,509 | INFO : Training seed was set to 42 w/ deterministic=False.
2023-02-17 12:13:55,509 | INFO : work dir = /mnt/hdd1/workspace/training_extensions/logs/stage00_
2023-02-17 12:13:55,509 | INFO : CUDA_VISIBLE_DEVICES = None
2023-02-17 12:13:55,529 | INFO : Training seed was set to 42 w/ deterministic=False.
2023-02-17 12:13:55,529 | INFO : work dir = /mnt/hdd1/workspace/training_extensions/logs/stage00_
2023-02-17 12:13:55,529 | INFO : CUDA_VISIBLE_DEVICES = None
2023-02-17 12:13:55,549 | INFO : Training seed was set to 42 w/ deterministic=False.
2023-02-17 12:13:55,550 | INFO : work dir = /mnt/hdd1/workspace/training_extensions/logs/stage00_
2023-02-17 12:13:55,550 | INFO : CUDA_VISIBLE_DEVICES = None
2023-02-17 12:13:55,569 | INFO : Training seed was set to 42 w/ deterministic=False.
2023-02-17 12:13:55,569 | INFO : work dir = /mnt/hdd1/workspace/training_extensions/logs/stage00_
2023-02-17 12:13:55,569 | INFO : CUDA_VISIBLE_DEVICES = None
