2023-02-08 00:10:32,186 | INFO : configured logger at /home/sungmanc/scripts/otx/training_extensions/logs/stage00_ with named 20230208_001032.log
2023-02-08 00:10:32,186 | INFO : configure!: training=True
2023-02-08 00:10:32,187 | INFO : configure_data()
2023-02-08 00:10:32,187 | INFO : task config!!!!: training=True
2023-02-08 00:10:32,250 | INFO : train!
2023-02-08 00:10:32,250 | INFO : cfg.gpu_ids = range(0, 1), distributed = True
2023-02-08 00:10:32,419 | INFO : Environment info:
------------------------------------------------------------
sys.platform: linux
Python: 3.8.5 (default, Sep  4 2020, 07:30:14) [GCC 7.3.0]
CUDA available: True
GPU 0,1: NVIDIA GeForce RTX 3090
CUDA_HOME: /usr/local/cuda
NVCC: Cuda compilation tools, release 11.1, V11.1.74
GCC: gcc (Ubuntu 7.5.0-3ubuntu1~18.04) 7.5.0
PyTorch: 1.8.2+cu111
PyTorch compiling details: PyTorch built with:
  - GCC 7.3
  - C++ Version: 201402
  - Intel(R) Math Kernel Library Version 2020.0.0 Product Build 20191122 for Intel(R) 64 architecture applications
  - Intel(R) MKL-DNN v1.7.0 (Git Hash 7aed236906b1f7a05c0917e5257a1af05e9ff683)
  - OpenMP 201511 (a.k.a. OpenMP 4.5)
  - NNPACK is enabled
  - CPU capability usage: AVX2
  - CUDA Runtime 11.1
  - NVCC architecture flags: -gencode;arch=compute_37,code=sm_37;-gencode;arch=compute_50,code=sm_50;-gencode;arch=compute_60,code=sm_60;-gencode;arch=compute_70,code=sm_70;-gencode;arch=compute_75,code=sm_75;-gencode;arch=compute_80,code=sm_80;-gencode;arch=compute_86,code=sm_86
  - CuDNN 8.0.5
  - Magma 2.5.2
  - Build settings: BLAS_INFO=mkl, BUILD_TYPE=Release, CUDA_VERSION=11.1, CUDNN_VERSION=8.0.5, CXX_COMPILER=/opt/rh/devtoolset-7/root/usr/bin/c++, CXX_FLAGS= -Wno-deprecated -fvisibility-inlines-hidden -DUSE_PTHREADPOOL -fopenmp -DNDEBUG -DUSE_KINETO -DUSE_FBGEMM -DUSE_QNNPACK -DUSE_PYTORCH_QNNPACK -DUSE_XNNPACK -O2 -fPIC -Wno-narrowing -Wall -Wextra -Werror=return-type -Wno-missing-field-initializers -Wno-type-limits -Wno-array-bounds -Wno-unknown-pragmas -Wno-sign-compare -Wno-unused-parameter -Wno-unused-variable -Wno-unused-function -Wno-unused-result -Wno-unused-local-typedefs -Wno-strict-overflow -Wno-strict-aliasing -Wno-error=deprecated-declarations -Wno-stringop-overflow -Wno-psabi -Wno-error=pedantic -Wno-error=redundant-decls -Wno-error=old-style-cast -fdiagnostics-color=always -faligned-new -Wno-unused-but-set-variable -Wno-maybe-uninitialized -fno-math-errno -fno-trapping-math -Werror=format -Wno-stringop-overflow, LAPACK_INFO=mkl, PERF_WITH_AVX=1, PERF_WITH_AVX2=1, PERF_WITH_AVX512=1, TORCH_VERSION=1.8.2, USE_CUDA=ON, USE_CUDNN=ON, USE_EXCEPTION_PTR=1, USE_GFLAGS=OFF, USE_GLOG=OFF, USE_MKL=ON, USE_MKLDNN=ON, USE_MPI=OFF, USE_NCCL=ON, USE_NNPACK=ON, USE_OPENMP=ON, 

TorchVision: 0.9.2+cu111
OpenCV: 4.7.0
MMCV: 1.6.1
MMCV Compiler: GCC 7.5
MMCV CUDA Compiler: 11.1
MMSegmentation: 0.29.1+574c7d5
------------------------------------------------------------

2023-02-08 00:10:32,912 | INFO : Training seed was set to 42 w/ deterministic=False.
2023-02-08 00:10:32,912 | INFO : work dir = /home/sungmanc/scripts/otx/training_extensions/logs/stage00_
2023-02-08 00:10:32,912 | INFO : CUDA_VISIBLE_DEVICES = None
2023-02-08 00:10:32,913 | INFO : task config!!!!: training=True
2023-02-08 00:10:32,923 | INFO : Training seed was set to 42 w/ deterministic=False.
2023-02-08 00:10:32,923 | INFO : work dir = /home/sungmanc/scripts/otx/training_extensions/logs/stage00_
2023-02-08 00:10:32,923 | INFO : CUDA_VISIBLE_DEVICES = None
2023-02-08 00:10:32,926 | WARNING : Duplicate key is detected among bases [{'model'}]
2023-02-08 00:10:32,928 | INFO : configure!: training=False
2023-02-08 00:10:32,929 | INFO : configure_data()
2023-02-08 00:10:32,929 | INFO : task config!!!!: training=False
2023-02-08 00:10:33,002 | INFO : Training seed was set to 42 w/ deterministic=False.
2023-02-08 00:10:33,003 | INFO : work dir = /home/sungmanc/scripts/otx/training_extensions/logs/stage00_
2023-02-08 00:10:33,003 | INFO : CUDA_VISIBLE_DEVICES = None
2023-02-08 00:10:33,004 | INFO : configure_data()
2023-02-08 00:10:33,014 | INFO : Training seed was set to 42 w/ deterministic=False.
2023-02-08 00:10:33,014 | INFO : work dir = /home/sungmanc/scripts/otx/training_extensions/logs/stage00_
2023-02-08 00:10:33,014 | INFO : CUDA_VISIBLE_DEVICES = None
2023-02-08 00:10:33,015 | INFO : task config!!!!: training=True
