2023-02-17 12:13:50,204 | INFO : configured logger at /mnt/hdd1/workspace/training_extensions/logs/stage00_ with named 20230217_121350.log
2023-02-17 12:13:50,204 | WARNING : Supported modes are train but 'test' is given.
2023-02-17 12:13:50,217 | WARNING : Duplicate key is detected among bases [{'data_root_path', 'data'}]
2023-02-17 12:13:50,218 | INFO : Training seed was set to 5 w/ deterministic=False.
2023-02-17 12:13:50,218 | INFO : work dir = /mnt/hdd1/workspace/training_extensions/logs/stage00_
2023-02-17 12:13:50,218 | INFO : CUDA_VISIBLE_DEVICES = None
2023-02-17 12:13:50,221 | WARNING : Duplicate key is detected among bases [{'model'}]
2023-02-17 12:13:50,224 | INFO : configure!: training=False
2023-02-17 12:13:50,224 | INFO : configure_data()
2023-02-17 12:13:50,224 | INFO : task config!!!!: training=False
2023-02-17 12:13:50,244 | INFO : Inferring on input source: data.train
2023-02-17 12:13:50,384 | INFO : ----------------- CustomATSS.load_state_dict_pre_hook() called w/ prefix: 
2023-02-17 12:13:50,384 | INFO : [] -> ['red', 'green'] ([-1, -1])
2023-02-17 12:13:50,763 | WARNING : Duplicate key is detected among bases [{'data_root_path', 'data'}]
2023-02-17 12:13:50,764 | INFO : Training seed was set to 5 w/ deterministic=False.
2023-02-17 12:13:50,764 | INFO : work dir = /mnt/hdd1/workspace/training_extensions/logs/stage00_
2023-02-17 12:13:50,764 | INFO : CUDA_VISIBLE_DEVICES = None
2023-02-17 12:13:50,767 | WARNING : Duplicate key is detected among bases [{'model'}]
2023-02-17 12:13:50,770 | INFO : configure!: training=False
2023-02-17 12:13:50,770 | INFO : configure_data()
2023-02-17 12:13:50,770 | INFO : task config!!!!: training=False
2023-02-17 12:13:50,792 | INFO : Inferring on input source: data.test
2023-02-17 12:13:50,933 | INFO : ----------------- CustomATSS.load_state_dict_pre_hook() called w/ prefix: 
2023-02-17 12:13:50,933 | INFO : [] -> ['red', 'green'] ([-1, -1])
2023-02-17 12:13:51,166 | WARNING : Duplicate key is detected among bases [{'data_root_path', 'data'}]
2023-02-17 12:13:51,167 | INFO : Training seed was set to 5 w/ deterministic=False.
2023-02-17 12:13:51,167 | INFO : work dir = /mnt/hdd1/workspace/training_extensions/logs/stage00_
2023-02-17 12:13:51,167 | INFO : CUDA_VISIBLE_DEVICES = None
2023-02-17 12:13:51,170 | WARNING : Duplicate key is detected among bases [{'model'}]
2023-02-17 12:13:51,173 | INFO : configure!: training=False
2023-02-17 12:13:51,173 | INFO : configure_data()
2023-02-17 12:13:51,174 | INFO : task config!!!!: training=False
2023-02-17 12:13:51,195 | INFO : Inferring on input source: data.train
2023-02-17 12:13:51,338 | INFO : ----------------- CustomATSS.load_state_dict_pre_hook() called w/ prefix: 
2023-02-17 12:13:51,338 | INFO : [] -> ['red', 'green'] ([-1, -1])
2023-02-17 12:13:51,555 | WARNING : Duplicate key is detected among bases [{'data_root_path', 'data'}]
2023-02-17 12:13:51,556 | INFO : Training seed was set to 5 w/ deterministic=False.
2023-02-17 12:13:51,556 | INFO : work dir = /mnt/hdd1/workspace/training_extensions/logs/stage00_
2023-02-17 12:13:51,556 | INFO : CUDA_VISIBLE_DEVICES = None
2023-02-17 12:13:51,559 | WARNING : Duplicate key is detected among bases [{'model'}]
2023-02-17 12:13:51,562 | INFO : configure!: training=False
2023-02-17 12:13:51,563 | INFO : configure_data()
2023-02-17 12:13:51,563 | INFO : task config!!!!: training=False
2023-02-17 12:13:51,584 | INFO : Inferring on input source: data.test
2023-02-17 12:13:51,725 | INFO : ----------------- CustomATSS.load_state_dict_pre_hook() called w/ prefix: 
2023-02-17 12:13:51,725 | INFO : [] -> ['red', 'green'] ([-1, -1])
2023-02-17 12:13:51,973 | WARNING : Duplicate key is detected among bases [{'data_root_path', 'data'}]
2023-02-17 12:13:51,975 | INFO : Training seed was set to 5 w/ deterministic=False.
2023-02-17 12:13:51,975 | INFO : work dir = /mnt/hdd1/workspace/training_extensions/logs/stage00_
2023-02-17 12:13:51,975 | INFO : CUDA_VISIBLE_DEVICES = None
2023-02-17 12:13:51,978 | WARNING : Duplicate key is detected among bases [{'model'}]
2023-02-17 12:13:51,982 | INFO : configure!: training=True
2023-02-17 12:13:51,983 | INFO : configure_data()
2023-02-17 12:13:51,996 | WARNING : Duplicate key is detected among bases [{'data_root_path', 'data'}]
2023-02-17 12:13:51,998 | INFO : Training seed was set to 5 w/ deterministic=False.
2023-02-17 12:13:51,998 | INFO : work dir = /mnt/hdd1/workspace/training_extensions/logs/stage00_
2023-02-17 12:13:51,998 | INFO : CUDA_VISIBLE_DEVICES = None
2023-02-17 12:13:52,000 | WARNING : Duplicate key is detected among bases [{'model'}]
2023-02-17 12:13:52,016 | WARNING : Duplicate key is detected among bases [{'data_root_path', 'data'}]
2023-02-17 12:13:52,017 | INFO : Training seed was set to 5 w/ deterministic=False.
2023-02-17 12:13:52,017 | INFO : work dir = /mnt/hdd1/workspace/training_extensions/logs/stage00_
2023-02-17 12:13:52,017 | INFO : CUDA_VISIBLE_DEVICES = None
2023-02-17 12:13:52,020 | WARNING : Duplicate key is detected among bases [{'model'}]
2023-02-17 12:13:52,035 | WARNING : Duplicate key is detected among bases [{'data_root_path', 'data'}]
2023-02-17 12:13:52,036 | INFO : Training seed was set to 5 w/ deterministic=False.
2023-02-17 12:13:52,036 | INFO : work dir = /mnt/hdd1/workspace/training_extensions/logs/stage00_
2023-02-17 12:13:52,036 | INFO : CUDA_VISIBLE_DEVICES = None
2023-02-17 12:13:52,039 | WARNING : Duplicate key is detected among bases [{'model'}]
2023-02-17 12:13:52,055 | WARNING : Duplicate key is detected among bases [{'data_root_path', 'data'}]
2023-02-17 12:13:52,056 | INFO : Training seed was set to 5 w/ deterministic=False.
2023-02-17 12:13:52,056 | INFO : work dir = /mnt/hdd1/workspace/training_extensions/logs/stage00_
2023-02-17 12:13:52,056 | INFO : CUDA_VISIBLE_DEVICES = None
2023-02-17 12:13:52,059 | WARNING : Duplicate key is detected among bases [{'model'}]
2023-02-17 12:13:52,075 | WARNING : Duplicate key is detected among bases [{'data_root_path', 'data'}]
2023-02-17 12:13:52,076 | INFO : Training seed was set to 5 w/ deterministic=False.
2023-02-17 12:13:52,076 | INFO : work dir = /mnt/hdd1/workspace/training_extensions/logs/stage00_
2023-02-17 12:13:52,076 | INFO : CUDA_VISIBLE_DEVICES = None
2023-02-17 12:13:52,079 | WARNING : Duplicate key is detected among bases [{'model'}]
2023-02-17 12:13:52,082 | INFO : task config!!!!: training=True
2023-02-17 12:13:52,095 | WARNING : Duplicate key is detected among bases [{'data_root_path', 'data'}]
2023-02-17 12:13:52,096 | INFO : Training seed was set to 5 w/ deterministic=False.
2023-02-17 12:13:52,097 | INFO : work dir = /mnt/hdd1/workspace/training_extensions/logs/stage00_
2023-02-17 12:13:52,097 | INFO : CUDA_VISIBLE_DEVICES = None
2023-02-17 12:13:52,099 | WARNING : Duplicate key is detected among bases [{'model'}]
2023-02-17 12:13:52,102 | INFO : regularization config!!!!
2023-02-17 12:13:52,115 | WARNING : Duplicate key is detected among bases [{'data_root_path', 'data'}]
2023-02-17 12:13:52,116 | INFO : Training seed was set to 5 w/ deterministic=False.
2023-02-17 12:13:52,116 | INFO : work dir = /mnt/hdd1/workspace/training_extensions/logs/stage00_
2023-02-17 12:13:52,116 | INFO : CUDA_VISIBLE_DEVICES = None
2023-02-17 12:13:52,119 | WARNING : Duplicate key is detected among bases [{'model'}]
2023-02-17 12:13:52,134 | WARNING : Duplicate key is detected among bases [{'data_root_path', 'data'}]
2023-02-17 12:13:52,135 | INFO : Training seed was set to 5 w/ deterministic=False.
2023-02-17 12:13:52,135 | INFO : work dir = /mnt/hdd1/workspace/training_extensions/logs/stage00_
2023-02-17 12:13:52,135 | INFO : CUDA_VISIBLE_DEVICES = None
2023-02-17 12:13:52,138 | WARNING : Duplicate key is detected among bases [{'model'}]
2023-02-17 12:13:52,154 | WARNING : Duplicate key is detected among bases [{'data_root_path', 'data'}]
2023-02-17 12:13:52,155 | INFO : Training seed was set to 5 w/ deterministic=False.
2023-02-17 12:13:52,155 | INFO : work dir = /mnt/hdd1/workspace/training_extensions/logs/stage00_
2023-02-17 12:13:52,155 | INFO : CUDA_VISIBLE_DEVICES = None
2023-02-17 12:13:52,158 | WARNING : Duplicate key is detected among bases [{'model'}]
2023-02-17 12:13:52,173 | WARNING : Duplicate key is detected among bases [{'data_root_path', 'data'}]
2023-02-17 12:13:52,174 | INFO : Training seed was set to 5 w/ deterministic=False.
2023-02-17 12:13:52,174 | INFO : work dir = /mnt/hdd1/workspace/training_extensions/logs/stage00_
2023-02-17 12:13:52,174 | INFO : CUDA_VISIBLE_DEVICES = None
2023-02-17 12:13:52,177 | WARNING : Duplicate key is detected among bases [{'model'}]
2023-02-17 12:13:52,191 | WARNING : Duplicate key is detected among bases [{'data_root_path', 'data'}]
2023-02-17 12:13:52,192 | INFO : Training seed was set to 5 w/ deterministic=False.
2023-02-17 12:13:52,192 | INFO : work dir = /mnt/hdd1/workspace/training_extensions/logs/stage00_
2023-02-17 12:13:52,192 | INFO : CUDA_VISIBLE_DEVICES = None
2023-02-17 12:13:52,205 | WARNING : Duplicate key is detected among bases [{'data_root_path', 'data'}]
2023-02-17 12:13:52,206 | INFO : Training seed was set to 5 w/ deterministic=False.
2023-02-17 12:13:52,206 | INFO : work dir = /mnt/hdd1/workspace/training_extensions/logs/stage00_
2023-02-17 12:13:52,207 | INFO : CUDA_VISIBLE_DEVICES = None
2023-02-17 12:13:52,209 | WARNING : Duplicate key is detected among bases [{'model'}]
