2023-02-17 12:13:32,075 | INFO : configured logger at /mnt/hdd1/workspace/training_extensions/logs/stage00_ with named 20230217_121332.log
2023-02-17 12:13:32,075 | INFO : configure: training=True
2023-02-17 12:13:32,076 | INFO : configure_data()
2023-02-17 12:13:32,076 | INFO : train!
2023-02-17 12:13:32,076 | INFO : cfg.gpu_ids = range(0, 1), distributed = True
2023-02-17 12:13:32,352 | INFO : Environment info:
------------------------------------------------------------
sys.platform: linux
Python: 3.8.13 (default, Mar 28 2022, 11:38:47) [GCC 7.5.0]
CUDA available: True
GPU 0,1: NVIDIA GeForce RTX 3090
CUDA_HOME: /usr/local/cuda
NVCC: Cuda compilation tools, release 11.1, V11.1.105
GCC: gcc (Ubuntu 9.4.0-1ubuntu1~20.04.1) 9.4.0
PyTorch: 1.13.1+cu117
PyTorch compiling details: PyTorch built with:
  - GCC 9.3
  - C++ Version: 201402
  - Intel(R) Math Kernel Library Version 2020.0.0 Product Build 20191122 for Intel(R) 64 architecture applications
  - Intel(R) MKL-DNN v2.6.0 (Git Hash 52b5f107dd9cf10910aaa19cb47f3abf9b349815)
  - OpenMP 201511 (a.k.a. OpenMP 4.5)
  - LAPACK is enabled (usually provided by MKL)
  - NNPACK is enabled
  - CPU capability usage: AVX2
  - CUDA Runtime 11.7
  - NVCC architecture flags: -gencode;arch=compute_37,code=sm_37;-gencode;arch=compute_50,code=sm_50;-gencode;arch=compute_60,code=sm_60;-gencode;arch=compute_70,code=sm_70;-gencode;arch=compute_75,code=sm_75;-gencode;arch=compute_80,code=sm_80;-gencode;arch=compute_86,code=sm_86
  - CuDNN 8.5
  - Magma 2.6.1
  - Build settings: BLAS_INFO=mkl, BUILD_TYPE=Release, CUDA_VERSION=11.7, CUDNN_VERSION=8.5.0, CXX_COMPILER=/opt/rh/devtoolset-9/root/usr/bin/c++, CXX_FLAGS= -fabi-version=11 -Wno-deprecated -fvisibility-inlines-hidden -DUSE_PTHREADPOOL -fopenmp -DNDEBUG -DUSE_KINETO -DUSE_FBGEMM -DUSE_QNNPACK -DUSE_PYTORCH_QNNPACK -DUSE_XNNPACK -DSYMBOLICATE_MOBILE_DEBUG_HANDLE -DEDGE_PROFILER_USE_KINETO -O2 -fPIC -Wno-narrowing -Wall -Wextra -Werror=return-type -Werror=non-virtual-dtor -Wno-missing-field-initializers -Wno-type-limits -Wno-array-bounds -Wno-unknown-pragmas -Wunused-local-typedefs -Wno-unused-parameter -Wno-unused-function -Wno-unused-result -Wno-strict-overflow -Wno-strict-aliasing -Wno-error=deprecated-declarations -Wno-stringop-overflow -Wno-psabi -Wno-error=pedantic -Wno-error=redundant-decls -Wno-error=old-style-cast -fdiagnostics-color=always -faligned-new -Wno-unused-but-set-variable -Wno-maybe-uninitialized -fno-math-errno -fno-trapping-math -Werror=format -Werror=cast-function-type -Wno-stringop-overflow, LAPACK_INFO=mkl, PERF_WITH_AVX=1, PERF_WITH_AVX2=1, PERF_WITH_AVX512=1, TORCH_VERSION=1.13.1, USE_CUDA=ON, USE_CUDNN=ON, USE_EXCEPTION_PTR=1, USE_GFLAGS=OFF, USE_GLOG=OFF, USE_MKL=ON, USE_MKLDNN=ON, USE_MPI=OFF, USE_NCCL=ON, USE_NNPACK=ON, USE_OPENMP=ON, USE_ROCM=OFF, 

TorchVision: 0.14.1+cu117
OpenCV: 4.7.0
MMCV: 1.7.0
MMCV Compiler: GCC 9.3
MMCV CUDA Compiler: 11.7
MMClassification: 0.25.0+283e488
------------------------------------------------------------

2023-02-17 12:13:32,353 | INFO : ClsDirDataset - 2 classes from tests/assets/imagenet_dataset
2023-02-17 12:13:32,353 | INFO : - Classes: ['label_0', 'label_1']
2023-02-17 12:13:32,353 | INFO : - New Classes: ['label_0', 'label_1', 'label_3']
2023-02-17 12:13:32,353 | INFO : - # of old classes images: 0
2023-02-17 12:13:32,353 | INFO : - # of New classes images: 3
2023-02-17 12:13:32,353 | INFO : - # of images: 3
2023-02-17 12:13:32,355 | INFO : enabled linear scaling rule to the learning rate.                 changed LR from 0.01 to 0.01
2023-02-17 12:13:32,371 | INFO : Training seed was set to 5 w/ deterministic=False.
2023-02-17 12:13:32,371 | INFO : work dir = /mnt/hdd1/workspace/training_extensions/logs/stage00_
2023-02-17 12:13:32,371 | INFO : CUDA_VISIBLE_DEVICES = None
2023-02-17 12:13:32,372 | WARNING : Weight mixing for ImageClassifier is not yet supported!
2023-02-17 12:13:32,385 | INFO : Training seed was set to 5 w/ deterministic=False.
2023-02-17 12:13:32,385 | INFO : work dir = /mnt/hdd1/workspace/training_extensions/logs/stage00_
2023-02-17 12:13:32,385 | INFO : CUDA_VISIBLE_DEVICES = None
2023-02-17 12:13:32,385 | WARNING : Weight mixing for ImageClassifier is not yet supported!
2023-02-17 12:13:32,398 | INFO : Training seed was set to 5 w/ deterministic=False.
2023-02-17 12:13:32,398 | INFO : work dir = /mnt/hdd1/workspace/training_extensions/logs/stage00_
2023-02-17 12:13:32,398 | INFO : CUDA_VISIBLE_DEVICES = None
2023-02-17 12:13:32,413 | INFO : Training seed was set to 5 w/ deterministic=False.
2023-02-17 12:13:32,414 | INFO : work dir = /mnt/hdd1/workspace/training_extensions/logs/stage00_
2023-02-17 12:13:32,414 | INFO : CUDA_VISIBLE_DEVICES = None
2023-02-17 12:13:32,415 | INFO : configure_data()
2023-02-17 12:13:32,429 | INFO : Training seed was set to 5 w/ deterministic=False.
2023-02-17 12:13:32,429 | INFO : work dir = /mnt/hdd1/workspace/training_extensions/logs/stage00_
2023-02-17 12:13:32,429 | INFO : CUDA_VISIBLE_DEVICES = None
2023-02-17 12:13:50,066 | WARNING : Duplicate key is detected among bases [{'data_root_path', 'data'}]
2023-02-17 12:13:50,068 | INFO : Training seed was set to 5 w/ deterministic=False.
2023-02-17 12:13:50,068 | INFO : work dir = /mnt/hdd1/workspace/training_extensions/logs/stage00_
2023-02-17 12:13:50,068 | INFO : CUDA_VISIBLE_DEVICES = None
2023-02-17 12:13:50,071 | WARNING : Duplicate key is detected among bases [{'model'}]
2023-02-17 12:13:50,086 | WARNING : Duplicate key is detected among bases [{'data_root_path', 'data'}]
2023-02-17 12:13:50,087 | INFO : Training seed was set to 5 w/ deterministic=False.
2023-02-17 12:13:50,087 | INFO : work dir = /mnt/hdd1/workspace/training_extensions/logs/stage00_
2023-02-17 12:13:50,087 | INFO : CUDA_VISIBLE_DEVICES = None
2023-02-17 12:13:50,090 | WARNING : Duplicate key is detected among bases [{'model'}]
2023-02-17 12:13:50,106 | WARNING : Duplicate key is detected among bases [{'data_root_path', 'data'}]
2023-02-17 12:13:50,107 | INFO : Training seed was set to 5 w/ deterministic=False.
2023-02-17 12:13:50,107 | INFO : work dir = /mnt/hdd1/workspace/training_extensions/logs/stage00_
2023-02-17 12:13:50,107 | INFO : CUDA_VISIBLE_DEVICES = None
2023-02-17 12:13:50,130 | WARNING : Duplicate key is detected among bases [{'data_root_path', 'data'}]
2023-02-17 12:13:50,131 | INFO : Training seed was set to 5 w/ deterministic=False.
2023-02-17 12:13:50,132 | INFO : work dir = /mnt/hdd1/workspace/training_extensions/logs/stage00_
2023-02-17 12:13:50,132 | INFO : CUDA_VISIBLE_DEVICES = None
2023-02-17 12:13:50,158 | WARNING : Duplicate key is detected among bases [{'data_root_path', 'data'}]
2023-02-17 12:13:50,159 | INFO : Training seed was set to 5 w/ deterministic=False.
2023-02-17 12:13:50,159 | INFO : work dir = /mnt/hdd1/workspace/training_extensions/logs/stage00_
2023-02-17 12:13:50,159 | INFO : CUDA_VISIBLE_DEVICES = None
2023-02-17 12:13:50,162 | WARNING : Duplicate key is detected among bases [{'model'}]
