\cot ( ( 6.5 W ^ { - 9 } n ^ { 9 } U ^ { 8 } \times 5996 b + 99 d ^ { 8 } F ^ { 79 } ) \times \sqrt { ( 7383 ) } )
\sqrt { \cot 93 + ( 7.14 T ^ { 5 } Q ^ { 8 } ) + 57 X d - 4.79 w ^ { - 66 } \times ( 19 H ^ { - 9 } w ^ { 7 } ) + ( 7 c ^ { 31 } x ^ { 5 } ) }
\cos ( 1.96 q z ( 257 \theta F ^ { 8 } ) + S j \times 17.7 x ^ { - 6 } )
38.53 N ^ { - 6 } l + [ \arcsin ( ( 67 u ^ { - 9 } V ) + ( 7 U s ^ { 8 } ) ) ]
915 X ^ { 2 } - ( 99.44 \alpha ^ { 4 } + 84 f ^ { 71 } b ^ { - 3 } - m T ^ { - 1 } )
( \sin 895 \alpha ^ { 3 } ) 27.8 I ^ { 1 } c + 7.58 [ 2.78 g ^ { 2 } ] + ( 35 H ^ { 1 } + ( 650 N n ^ { 6 } ) )
( 733 B ) + 78.0 + 6.3177 - 6 ( 12 i ^ { - 8 } ) + 386 o ^ { 5 } u + \arctan 8.03 \theta ^ { 8 }
- ( [ 941 V ] + ( ( ( 57.21 \phi ^ { 3 } ) - 3 v ^ { 7 } ) - \sinh ( \arccos ( 18 G ) ) ) )
( ( - 69.39 k Y ) \times ( 477 h ) ) | 23 t | 0.3 d ^ { 6 }
\arctan ( 12.44 c ^ { - 7 } G + 35 + 86 X ^ { - 5 } e ^ { 59 } S )
( 18.05 s F ^ { 13 } \phi ^ { - 93 } + 1 \alpha ^ { 7 } ) + ( ( 4 E ^ { 2 } ) + ( 74.46 t ^ { 9 } q ) ) - 73.34 F ^ { 8 } r ^ { 4 } X ^ { - 4 } - ( - 3 L ^ { - 1 } \beta ^ { 6 } n ^ { 34 } )
474 W ^ { 1 } + 7.19 o ^ { 4 } - 6 - 0.96 L ^ { 1 } y
\tanh ( [ 3859 \times 72 \beta ] + \arcsin ( - 5872 k ) + ( 6 F K ^ { 2 } ) ) + [ 303 n ^ { - 8 } ]
\coth ( \arccos ( \cos B o ^ { 6 } P + ( 62.1 K ^ { 96 } e Z + ( 673 f ^ { 7 } V ^ { 9 } a ^ { 8 } ) \times 972 e ^ { - 7 } W ^ { 7 } \alpha ^ { 6 } 19 X ^ { - 4 } ) ) )
- [ - ( ( - ( 68 - 7 ) ) - ( ( 91 v ^ { 8 } ) - | 79 \alpha | 5 s ^ { 4 } + ( 71 j ^ { 7 } K ) ) ) ]
8906 U D ^ { - 5 } = ( 4.43 ) \arcsin 7 + 45 t ^ { - 1 } s o ^ { 1 }
50.77 z ^ { 38 } P ^ { 5 } \times [ 576 O - ( \cos 2.7 q o ^ { 2 } ) 56 d ^ { - 4 } + 4 t ^ { 4 } ]
7.5 K G ^ { - 7 } \tanh \frac { 8.24 } { | - 3 | }
\sinh ( | 4.9 y ^ { 9 } 23.6 H ^ { 3 } | - 896 i ^ { - 3 } )
( 3.14 c ^ { 99 } - 92 X ^ { - 3 } \times 7 | 69 A h ^ { 4 } s | ) - 75 Q ^ { 2 } y ^ { 99 } 2
- ( \tanh \sqrt { \coth ( 23.32 j ^ { - 6 } q ( 95 Z ^ { - 6 } ) ( - ( 2 e ^ { 1 } f ) ) ) } )
\tanh ( 2 F O ^ { - 5 } - 3 + | 86 y ^ { 2 } \epsilon | )
( 4 W ^ { 2 } - ( - [ 3 m ^ { - 9 } e ^ { 2 } ] ) ) + | 8 | + 4 ( 2.7 g ^ { 56 } R ^ { 64 } )
3 + 1.2 C ^ { 4 } h ^ { - 2 } + ( 64.9 Y ^ { 45 } K ^ { - 9 } c ^ { 8 } ) + 2.51 \alpha ^ { 8 }
616 u ^ { 3 } q ^ { 67 } Z ^ { 33 } | 2 \alpha ^ { 4 } | - 65 C ^ { - 8 } X ^ { - 5 } - 43.1 = 2
[ 9 I ^ { 2 } ] + 1.2 l V
- \log \frac { 98.1 q p ^ { 5 } } { - ( 63 E ^ { 7 } ) }
\tan ( ( 8 O ^ { - 4 } H ) - ( j ) - 2 g ^ { 9 } h p ^ { 6 } )
2.1 w ^ { 3 } \cot ( - 3 ) + ( 0.51 R )
62.38 o ^ { - 7 } e - 5457 \arccos ( 4.63 o ^ { - 7 } n )
| \sinh \tan ( 47 m ^ { 9 } d ^ { 9 } ) | + 6.4 a ^ { 4 } 573 W ^ { - 8 } R ^ { 6 } + ( 43.82 A ^ { 8 } h ^ { 4 } )
2.04 K ^ { 6 } u ^ { - 1 } - ( 7 \beta ^ { - 7 } ) - \theta - ( - ( - ( - 2.72 ) ) ) - 6 S ^ { 51 } k
5 \times 4.3 + ( 92.5 \pi ^ { 5 } ) - \sinh 43 a ^ { 1 } p
| 19.17 E | - \log 43.0 \phi i ^ { 91 } + 5 - 122 \epsilon ^ { 2 } I ^ { 8 } = 5.3 + \coth 75
4 - ( 234 B ^ { 8 } - 9 - 6.01 B ^ { 7 } ) - 15.2 \alpha ^ { - 75 }
\sqrt { 40 \phi ^ { - 34 } } ( 27.8 C I ^ { - 5 } - ( 1.2 F ^ { 6 } \theta ^ { - 3 } \pi ) ) + i ^ { 7 } n 1 P
\arctan ( ( 2 R ^ { - 7 } W ^ { - 1 } \phi ^ { - 5 } ) ( w ^ { 3 } ) - 9 k P + 425 r ^ { - 51 } F ^ { - 3 } a )
( | ( 525 b ^ { - 6 } z ) + ( 2611 Z t ^ { - 1 } ) | - 7.8 + 6.39 \phi ^ { 6 } ) - 3 + 88 P ^ { - 4 } n ^ { 36 }
\log ( \arcsin ( 29.0 p ) + 1 R ^ { - 86 } ( 9 o ^ { 4 } ) )
4 = ( \arcsin ( 7 W ^ { 6 } ) ) ( - ( y z ^ { 2 } ) ) + [ 93.34 F ^ { 3 } \theta ^ { 7 } ] - ( 303 K )
50 - ( \cosh ( e ) ) - ( 25.01 V \theta ^ { 7 } ) \sqrt { 721 Y W + [ 34.3 W P ] }
988 \pi ^ { 87 } M ^ { 64 } - ( 30.95 \gamma g ^ { 4 } ) = \tan ( 2.55 s ^ { - 28 } \alpha ^ { 77 } )
\cos ( - ( ( 5.92 A ^ { - 2 } ) 1 x \phi ^ { 6 } - 4 ) )
4 - 9.8 Z ^ { 1 } V v ^ { 7 } 8.62 Q w ^ { 2 } O ^ { 1 } - ( 2.28 k ^ { 3 } p ) + ( 57.07 ) \times [ - | - 1 | ]
[ 73 F ^ { 3 } m ^ { 5 } ] - 9 - 4 \alpha N ^ { 81 } + L ^ { - 45 } S ^ { 1 } \pi ^ { 39 } = \sqrt { | 237 x ^ { - 4 } + 54.5 P | }
- ( ( 3 + | 70.51 j | ) \tan ( 0.0 \pi ^ { - 42 } \beta ) - 8 + 30.12 y F ^ { 15 } )
| 9 - 94.3 P ^ { 5 } p ^ { - 3 } | \times 11.0 m ^ { - 8 } = 8 J ^ { 6 } R ^ { 1 } H ^ { 91 }
( - ( - | 5 K R ^ { 3 } t ^ { 9 } | ) ) - \sinh 72 C ^ { 8 } z ^ { 5 } [ 5 ] = 416 o ^ { - 1 }
4 F ^ { - 3 } W + ( 3 - 9 a ^ { 3 } L - 90.1 \theta ) - 8.13 h K ^ { - 1 } + 4 J ^ { 4 } v ^ { 8 } 3 a ^ { 5 } e B ^ { 9 }
6.7 J - 837 k S ^ { 2 } - 6 v ^ { - 8 } V + 5131 j ^ { 47 } S ^ { - 89 } ( - 53 ) A ^ { 6 }
( 73 g ^ { 8 } F ^ { 1 } ) + ( L ) + | \coth \exp ( 68 L - 5.69 L ^ { 8 } ) |
( 2.57 j ^ { - 4 } d ^ { 1 } H ^ { - 7 } ) + 92 h \theta ^ { - 6 } 2 \epsilon q ^ { 2 } - | - 4 f y |
226 Y ^ { 6 } + ( e ^ { 7 } G ^ { 7 } ) = 8 + 8 p ^ { 22 } E ^ { 80 } \times 34.97 Q ^ { 5 } - 9 v ^ { 25 } E ^ { 7 } S
( - ( 40.19 n ^ { 7 } ) ) \tanh ( \arcsin 4.4 Q ^ { 19 } p ^ { - 3 } ) = 8 c ^ { - 39 } t ^ { 82 }
\sqrt { ( 4652 O ^ { - 9 } G ^ { 5 } ) } ( - 4 ) [ 93.34 \phi ^ { 2 } C ^ { 8 } ] - | 548 V c ^ { 6 } | - 18
34 C ^ { 3 } P ^ { 7 } 7 - 6 | 302 g G |
\frac { ( \tan ( 23 b E ) ) ( 0.5 U ^ { 42 } ) } { 5 }
( 4275 W ^ { 9 } + \log ( 8.6 ) ) 487 G
\cot \exp 62 i ^ { - 5 } \alpha ^ { - 3 } = \sqrt { 2414 Z } + 9 P ^ { 49 } ( ( 77 \beta ^ { - 19 } E ^ { 70 } a ^ { 2 } ) \times 1 )
| \log ( 8.4 r ^ { 5 } p ^ { - 2 } ) | ( 8.65 D z ^ { 35 } p ^ { - 4 } + ( \sin 1 ) ( 8.26 b q ^ { 2 } ) ( 93 Q ) )
( 4 p \phi X ^ { 7 } ) + ( [ - 2 z ^ { 3 } U ^ { 8 } \theta ^ { 2 } ] - 4.88 ) + ( ( 54 Z ) ( 23.50 K ^ { 1 } ) )
8 \times | 84 \phi k | - | z ^ { 4 } | - 39.4 G ^ { 3 }
| u ^ { 1 } F | - 0.78 z ^ { 9 } ( 228 s ^ { 4 } \epsilon ^ { 7 } \times 328 e ^ { 40 } )
390 n ^ { - 3 } I ^ { 4 } + 5.06 C ^ { - 4 } V + 5 [ 9 Z h ^ { 9 } ] - 77 M z
( 4 Y ) - 1 s ^ { 4 }
- \sqrt { | ( - ( 8.29 Q B ^ { - 1 } ) ) O ^ { - 4 } | - ( - 2.57 ) e \times 479 r ^ { 4 } Z }
\tanh ( 96.3 z ^ { 3 } c V ^ { 27 } ) - ( \cot 5 N 55 g ^ { 6 } )
- ( - | 7 ( \log ( 54 t ^ { - 8 } ) ) 7 H ^ { 9 } \times 5 C ^ { - 1 } W \times c ^ { 37 } e ^ { 1 } b ^ { - 9 } | )
- [ 94 N ^ { 8 } B \times \coth 2.56 - [ 2 T ] - 9.8 n ^ { - 5 } ]
52 \times ( 2 \times g ^ { - 7 } - [ - 86 ] )
- ( | 8831 \alpha ^ { - 9 } 8 J ^ { 2 } \alpha d | - 69 d ^ { 6 } H ^ { 4 } + ( a K ^ { - 6 } ) \times 4 V ^ { - 89 } Y ^ { 3 } 90.24 S B )
[ 1.26 \epsilon ^ { 56 } \pi ] - 3 + 4 - ( 39 n ^ { 3 } V ^ { - 4 } o ^ { 1 } ) \times P ^ { 3 } ( - 241 L ^ { - 6 } M ^ { - 3 } )
3 \times \sqrt { 18 W u } - ( 369 k ^ { 5 } ) + ( 309 - L ^ { 6 } r )
\log ( 5890 ) + 942 N ^ { - 5 } = | 4.8 e ^ { - 9 } | 6 L J
\coth ( 6 f ) = ( \tanh ( 7.89 w Y ^ { 1 } ) - 0.91 y ^ { 6 } ) + ( 80 r ^ { 7 } ) 9
( 61 x ^ { - 5 } ) 3.9 E Q ^ { 52 } | \arcsin ( 44 i ^ { - 1 } q ^ { 1 } ) |
| 52 v e ^ { - 8 } | ( \coth ( ( 10.3 Q U ^ { 2 } ) - 7.3 \pi ^ { - 22 } g ) )
\arctan ( 4 m ^ { 8 } C ^ { - 6 } ) + 10 \epsilon ^ { 9 } s ^ { - 97 } 369 E ^ { 7 } + ( 5 c ^ { 4 } y ) 77.1 \epsilon ^ { 3 }
19 V + 17.25 \pi t ^ { 45 } + 12 I X ^ { - 3 } - 7.13 b ^ { 7 } c
( - \arccos 87.1 E a ^ { 4 } ) ( 6.01 I ^ { 1 } ) - ( | - 1 | + 309 t )
58.93 - 1.02 L ^ { - 4 } = 2.93 c ^ { - 7 } Z ( ( 37.0 P ^ { 7 } H ) 1.0 r ^ { 9 } n t ^ { 3 } )
( - \tan ( ( 40 e ^ { 31 } ) ( 7 D F ^ { - 6 } w ) ) ) \times ( 4 N ^ { - 6 } T ) - 23.34 C ^ { 46 }
78.74 s ^ { - 6 } \times ( \cosh ( 4304 \alpha Y ) - 4.0 C ^ { 8 } e ^ { 2 } ) = 1.66 C ^ { 2 } a
H ^ { 9 } R + 689 h ^ { - 8 } + 3.9 + 4 d ^ { 9 } V
4.76 b ^ { 3 } E ^ { 2 } = \arccos ( - ( 476 \theta + ( \tan ( 9 R ) ) ) )
64 A ^ { - 5 } 3.5 H ^ { - 43 } E ^ { 3 }
- ( 17.6 v 7 b + ( ( \cosh ( 77 a ^ { 9 } ) ) + \coth ( - 1 ) [ 6.24 A y \theta ] ) )
\tan \sqrt { ( 1 - 3.55 R ^ { - 61 } - ( 7 \times 5 ) - ( 329 e - ( - 1 ) ) ) }
\tan ( ( 3 \epsilon ^ { 5 } ) - ( 16 U ( - 48 ) ) )
\cot \arccos ( ( - ( 39 \phi ) ) - ( 106 v q ^ { - 8 } ) ) = ( 5 x P ^ { 6 } - \arcsin 1 ) - 8.99
( 4 b ^ { 6 } i ) + | - 8 C ^ { 18 } | 32 E X ^ { 95 } + 2 V
( 1 T ^ { 9 } h ^ { 8 } v ^ { 2 } ) - 8 I ^ { 6 } R + ( 87.6 ) + Q + ( 5 R ^ { 5 } K ^ { - 5 } X )
[ 41.0 d ^ { 2 } \beta ^ { 3 } - \beta ^ { - 50 } ] + ( 30.56 D y ^ { 76 } j ^ { 3 } ) + ( 50 c ^ { 22 } ) \times 8 N ^ { - 2 } \phi ^ { - 5 } + 4 \phi p ^ { 6 }
4.6 \beta X ^ { 3 } - 9736 K ^ { 7 } - \coth ( 159 ) + 19 O ^ { 8 }
8.9 p + ( - ( 70.3 i ^ { - 10 } I z ) ) + ( - \arcsin ( 797 \theta ^ { 3 } ) )
\tanh ( \cosh \arcsin ( - ( 3.6 P ) ) + | 439 N H | + ( ( 9.9 I ^ { 9 } X ^ { - 8 } ) - 686 w ) )
90.4 c ^ { 1 } ( - M ^ { 1 } T a ) - ( ( 8.9 P ^ { 3 } ) 2 L ^ { - 4 } f ^ { - 6 } U + 648 N ) = 25
\tanh ( n ^ { - 7 } r - ( \sin ( - 32 k ^ { - 9 } y ) ) )
R ^ { - 7 } A ^ { - 59 } = \sqrt { 51.8 l ^ { - 2 } s ^ { - 89 } }
0.15 G ^ { 1 } j + | 5 l ^ { 2 } A ^ { 38 } | + \exp \sqrt { - \sqrt { \log ( 3 n ^ { 4 } ) } }
\exp 73 O ^ { 4 } = ( 1 d ^ { - 7 } Z ) \times \coth ( 258 d ^ { 6 } M )
\coth \arctan ( 255 )
6 t ^ { 2 } i G ^ { 1 } - ( 7.8 ) + 57 z o ^ { 8 } [ 50.5 Y ^ { 19 } + ( 0.28 S ^ { 5 } ) ]
- [ \cot ( s ^ { - 6 } - [ 13.6 X ^ { 4 } E ^ { - 8 } t ^ { 3 } ] - 4 ( 883 P ^ { - 2 } t i ) ) ]
\cosh e ^ { 2 } M ^ { 5 } ( 4.25 H ^ { 66 } Z ^ { 8 } ) \times 157 v G [ - ( 68 S ^ { - 2 } h ) ] - 3442 n ^ { 98 } + 7.74 q ^ { 3 }
\sqrt { 9.19 } = 8.8 I ^ { 7 } U - ( 31.2 ) + 82.72 X ^ { - 8 } w ^ { 32 }
( 8 - 79.6 H ^ { 4 } C ^ { 2 } ) ( 352 p ^ { - 2 } G + ( 5.96 w ^ { 3 } R ^ { 7 } + 3.02 a ^ { 3 } ) ) 65 n ^ { - 2 } V - 3 p ^ { 4 }
b - | \tanh ( 60.76 e ) | 97.3 L - \coth ( 4.2 j ) + 463 \gamma ^ { 7 }
\log ( 619 + ( 1 q J ^ { 25 } ) 27 D ^ { - 5 } ( - 277 W H ) )
\arccos 54 ( \sqrt { 51 D ^ { 15 } E ^ { 91 } } 4 w ^ { 3 } ) + 3 - ( 0.86 e )
2.4 p ^ { 36 } T w [ I ^ { 9 } f ^ { - 5 } u ] ( 71.84 y ^ { 2 } ) + 6.8 W ^ { 5 }
\exp 44.12 N ( 7 t ^ { 82 } ) + 494 G ^ { - 5 } - 4 + ( 8 j ^ { 12 } x ^ { 8 } ) - 1 + ( 44 \gamma M ^ { 8 } )
\sin ( 7 I ^ { 9 } ) ( 1.6 + ( - [ \arctan ( 80 \pi ) ] ) )
6 Q ^ { 2 } = 731 U ^ { 6 } + 583.22 \alpha ^ { 8 } M ^ { 8 } + | 536 \pi ^ { 4 } \theta ^ { 34 } |
426 L ^ { 5 } w + h ^ { 2 } ( 8 + 4 ) 82 m ^ { - 9 } u ^ { 4 } - ( 67 D )
\sin ( \sin ( 90.65 G ^ { 4 } ) - 7494 x ^ { - 5 } b ^ { - 5 } t ^ { 8 } - 86 x ^ { 8 } )
94.96 M ^ { 9 } G ^ { 9 } \times 4 + 4 \cot ( 6.9 e ^ { 6 } ) + 1.98 o
671 j l ^ { 7 } \alpha ^ { - 7 } - ( 37 Q ^ { 50 } \theta ^ { 7 } ) \arccos ( \arccos \phi ) + 4 m
\cot ( | 46 i ^ { - 3 } | - | 3.07 J ^ { - 4 } | + a ^ { 7 } )
\cosh ( \sin ( 50.66 b ^ { - 8 } L ^ { - 9 } ) - \arctan ( 72 O ^ { 6 } c ) )
2 \times 163 D ^ { - 2 } v \arcsin 614 o
43 F ^ { - 6 } U n ^ { 3 } + 21.46 N ^ { 6 } B ^ { 7 } + 5 + [ 50 W ^ { - 3 } ]
\sinh 67 - \cot ( - 12.4 ) + 9.8 X x
- ( \coth ( 4.8 o N + 3 ) \times 4 \times ( 34 ) 3 - 502 h ^ { 1 } n )
2 A ^ { - 8 } \pi ^ { 66 } - \arctan ( \arccos \cosh \arccos ( 7.77 ) )
4 + ( 7 l ) | 81.45 U \phi v ^ { 6 } | 57 H b ^ { - 6 } + [ 7.9 o ^ { 3 } ]
( 4 a k C ( - ( 430 m ^ { - 84 } ) ) ) - ( ( - \cosh ( 8.32 R ^ { - 7 } ) ) + 83.7 B ^ { - 9 } )
| 1 \pi ^ { 3 } \theta ^ { 8 } | 31 K ^ { 9 } \phi ^ { 5 } \times [ 70.86 ]
9.8 - ( 317 g ^ { 20 } W ) 59
21.3 u U ^ { - 83 } - [ 2.3 O g ^ { - 2 } ] - 4.3 k ^ { 9 } - 81.5 K ^ { 7 } s
\arcsin ( ( 621 H ^ { - 9 } ) \times 3 S v ^ { 67 } ) = 3.1 Q M + 1.2 C ^ { 35 } - 2.9
578 r - \sqrt { ( ( 1 ( 46.3 m ) ) - 6 k ^ { 3 } I ) } 6
7 m ^ { 4 } P ^ { - 3 } - 4 + 5.9 + [ 6.1 N ^ { - 6 } ] ( k d ) + \exp 3 Z ^ { - 1 } n ^ { 47 }
46.77 B ^ { - 25 } | \arccos ( 8 v ) | ( 3.7 L ^ { 5 } ) - 67 M ^ { - 7 } - u
