2022-10-12 16:26:59,992 | INFO : configured logger at /home/sungmanc/scripts/ote-master/training_extensions/logs/mobilenetv2_ssd_fish_val_batch_8_3/results/stage00_DetectionInferrer-train with named 20221012_162659.log
2022-10-12 16:26:59,992 | INFO : configure!: training=False
2022-10-12 16:27:00,016 | INFO : configure_data()
2022-10-12 16:27:00,018 | INFO : task config!!!!: training=False
2022-10-12 16:27:00,036 | INFO : configure_hook() [{'type': 'LazyEarlyStoppingHook', 'start': 3, 'patience': 10, 'iteration_patience': 0, 'metric': 'mAP', 'interval': 1, 'priority': 75}, {'type': 'CancelInterfaceHook', 'init_callback': 'mpa_tasks.apis.task.OnHookInitialized'}, {'type': 'OTEProgressHook', 'time_monitor': <detection_tasks.apis.detection.ote_utils.TrainingProgressCallback object at 0x7f1e6bae79d0>, 'verbose': True, 'priority': 71}, {'type': 'LoggerReplaceHook'}, {'type': 'TaskAdaptHook', 'src_classes': ['fish'], 'dst_classes': ['fish'], 'model_type': 'CustomSingleStageDetector', 'sampler_flag': False, 'efficient_mode': False}, {'type': 'EMAHook', 'priority': 'ABOVE_NORMAL', 'resume_from': None, 'momentum': 0.1}, {'type': 'AdaptiveTrainSchedulingHook', 'max_interval': 5}] <- {}
2022-10-12 16:27:00,121 | INFO : ----------------- CustomSSD.load_state_dict_pre_hook() called w/ prefix: 
2022-10-12 16:27:00,122 | INFO : ['fish', '__BG__'] -> ['fish', '__BG__']
2022-10-12 16:27:00,122 | INFO : Mixing bbox_head.cls_convs.0.3.weight: 4x2 -> 4x2 anchors
2022-10-12 16:27:00,122 | INFO : Mixing bbox_head.cls_convs.0.3.bias: 4x2 -> 4x2 anchors
2022-10-12 16:27:00,122 | INFO : Mixing bbox_head.cls_convs.1.3.weight: 5x2 -> 5x2 anchors
2022-10-12 16:27:00,122 | INFO : Mixing bbox_head.cls_convs.1.3.bias: 5x2 -> 5x2 anchors
2022-10-12 16:27:00,122 | INFO : Skipping weight copy: bbox_head.cls_convs.2.3.weight
2022-10-12 16:27:03,560 | INFO : run task done.
2022-10-12 16:27:05,320 | INFO : Adjusting the confidence threshold
2022-10-12 16:27:05,799 | INFO : Setting confidence threshold to 0.4 based on results
2022-10-12 16:27:05,800 | INFO : Final model performance: Performance(score: 0.6145251396648043, dashboard: (14 metric groups))
2022-10-12 16:27:05,800 | INFO : called save_model
2022-10-12 16:27:05,826 | INFO : Updating anchors
2022-10-12 16:27:05,849 | INFO : train done.
2022-10-12 16:27:05,867 | INFO : infer()
2022-10-12 16:27:05,868 | INFO : Confidence threshold 0.4
2022-10-12 16:27:05,868 | INFO : initializing....
2022-10-12 16:27:05,868 | INFO : called _init_recipe()
2022-10-12 16:27:05,868 | INFO : train type = Incremental
2022-10-12 16:27:05,888 | WARNING : Duplicate key is detected among bases [{'data', 'data_root_path'}]
2022-10-12 16:27:05,891 | INFO : initialized recipe = /home/sungmanc/scripts/ote-master/training_extensions/external/model-preparation-algorithm/submodule/recipes/stages/detection/imbalance.py
2022-10-12 16:27:05,896 | WARNING : Duplicate key is detected among bases [{'model'}]
2022-10-12 16:27:05,896 | INFO : Updating anchors
2022-10-12 16:27:05,897 | INFO : initialized.
2022-10-12 16:27:05,897 | INFO : running task... kwargs = {'eval': True, 'dump_features': True, 'dump_saliency_map': False}
2022-10-12 16:27:05,897 | INFO : called build_recipe()
2022-10-12 16:27:05,898 | INFO : seems to be passed stage yaml...
2022-10-12 16:27:05,898 | INFO : build_stage()
2022-10-12 16:27:05,900 | INFO : Training seed was set to 5 w/ deterministic=True.
2022-10-12 16:27:05,900 | INFO : work dir = /home/sungmanc/scripts/ote-master/training_extensions/logs/mobilenetv2_ssd_fish_val_batch_8_3/results/stage00_DetectionInferrer-train
2022-10-12 16:27:05,900 | INFO : CUDA_VISIBLE_DEVICES = 0
