1.png	1
2.png	2
3.png	3
4.png	4
5.png	5
6.png	6
7.png	7
8.png	8
9.png	9
11.png	11
12.png	12
13.png	13
15.png	15
17.png	17
19.png	19
21.png	21
22.png	22
23.png	23
24.png	24
25.png	25
26.png	26
28.png	28
29.png	29
31.png	31
35.png	35
37.png	37
38.png	38
41.png	41
43.png	43
44.png	44
45.png	45
46.png	46
47.png	47
48.png	48
49.png	49
50.png	50
51.png	51
52.png	52
53.png	53
55.png	55
56.png	56
57.png	57
60.png	60
61.png	61
62.png	62
63.png	63
64.png	64
66.png	66
68.png	68
71.png	71
74.png	74
75.png	75
76.png	76
77.png	77
79.png	79
80.png	80
81.png	81
82.png	82
83.png	83
84.png	84
85.png	85
87.png	87
88.png	88
89.png	89
90.png	90
91.png	91
92.png	92
93.png	93
94.png	94
95.png	95
96.png	96
97.png	97
98.png	98
99.png	99
100.png	100
101.png	101
102.png	102
103.png	103
108.png	108
109.png	109
110.png	110
111.png	111
112.png	112
113.png	113
115.png	115
116.png	116
117.png	117
118.png	118
119.png	119
120.png	120
122.png	122
123.png	123
125.png	125
127.png	127
128.png	128
129.png	129
130.png	130
131.png	131
132.png	132
133.png	133
